<?xml version="1.0" encoding="UTF-8"?>
<!-- Generated by org.testng.reporters.JUnitReportReporter -->
<testsuite hostname="DESKTOP-B4QGQAV" failures="0" tests="2" name="Test.ZerodhaLoginPageTest" time="0.131" errors="0" timestamp="2022-06-10T10:51:00 GMT-04:00" skipped="0">
  <testcase classname="Test.ZerodhaLoginPageTest" name="test2" time="0.053"/>
  <system-out/>
  <testcase classname="Test.ZerodhaLoginPageTest" name="test1" time="0.078"/>
  <system-out/>
</testsuite> <!-- Test.ZerodhaLoginPageTest -->
